2021-11-26 09:47:42,667 [18] ERROR EPiServer.Framework.Initialization.InitializationEngine: Initialize action failed for 'Initialize on class EPiServer.Initialization.Internal.ModelSyncInitialization, EPiServer, Version=11.20.9.0, Culture=neutral, PublicKeyToken=8fe83dea738b45b7'
System.InvalidOperationException: The property 'MyProperty2' on the content type 'Testsida' is autogenerated but not virtual declared.
   at EPiServer.DataAbstraction.RuntimeModel.Internal.ContentDataAttributeScanningAssigner.AssignValuesToPropertyDefinition(PropertyDefinitionModel propertyDefinitionModel, PropertyInfo property, ContentTypeModel parentModel)
   at EPiServer.DataAbstraction.RuntimeModel.Internal.ContentTypeModelScanner.AssignValuesToProperties(ContentTypeModel modelType)
   at EPiServer.DataAbstraction.RuntimeModel.Internal.ContentTypeModelScanner.AddModel(Type type)
   at EPiServer.DataAbstraction.RuntimeModel.Internal.ContentTypeModelScanner.RegisterModels()
   at EPiServer.Initialization.Internal.ModelSyncInitialization.Initialize(InitializationEngine context)
   at EPiServer.Framework.Initialization.Internal.ModuleNode.<>c__DisplayClass2_0.<Initialize>b__0()
   at EPiServer.Framework.Initialization.Internal.ModuleNode.Execute(Action a, String key)
   at EPiServer.Framework.Initialization.Internal.ModuleNode.Initialize(InitializationEngine context)
   at EPiServer.Framework.Initialization.InitializationEngine.InitializeModules()
System.InvalidOperationException: The property 'MyProperty2' on the content type 'Testsida' is autogenerated but not virtual declared.
   at EPiServer.DataAbstraction.RuntimeModel.Internal.ContentDataAttributeScanningAssigner.AssignValuesToPropertyDefinition(PropertyDefinitionModel propertyDefinitionModel, PropertyInfo property, ContentTypeModel parentModel)
   at EPiServer.DataAbstraction.RuntimeModel.Internal.ContentTypeModelScanner.AssignValuesToProperties(ContentTypeModel modelType)
   at EPiServer.DataAbstraction.RuntimeModel.Internal.ContentTypeModelScanner.AddModel(Type type)
   at EPiServer.DataAbstraction.RuntimeModel.Internal.ContentTypeModelScanner.RegisterModels()
   at EPiServer.Initialization.Internal.ModelSyncInitialization.Initialize(InitializationEngine context)
   at EPiServer.Framework.Initialization.Internal.ModuleNode.<>c__DisplayClass2_0.<Initialize>b__0()
   at EPiServer.Framework.Initialization.Internal.ModuleNode.Execute(Action a, String key)
   at EPiServer.Framework.Initialization.Internal.ModuleNode.Initialize(InitializationEngine context)
   at EPiServer.Framework.Initialization.InitializationEngine.InitializeModules()
2021-11-26 13:47:42,389 [1] ERROR EPiServer.Framework.Initialization.InitializationEngine: Initialize action failed for 'Initialize on class AlloyTraining.Business.Initialization.RegisterAdminInitializationModule, AlloyTraining, Version=1.0.0.0, Culture=neutral, PublicKeyToken=null'
System.ArgumentNullException: Parameter has no value set
Parameter name: contentLink
   at EPiServer.Core.Internal.DefaultContentLoader.GetChildren[T](ContentReference contentLink, LoaderOptions loaderOptions, Int32 startIndex, Int32 maxRows)
   at EPiServer.Core.Internal.DefaultContentLoader.GetChildren[T](ContentReference contentLink, LoaderOptions loaderOptions)
   at EPiServer.Core.Internal.DefaultContentLoader.GetChildren[T](ContentReference contentLink)
   at AlloyTraining.Business.Initialization.RegisterAdminInitializationModule.Initialize(InitializationEngine context) in C:\Projects\EpiserverTests\EpiserverTesting\AlloyTraining\Business\Initialization\RegisterAdminInitializationModule.cs:line 26
   at EPiServer.Framework.Initialization.Internal.ModuleNode.<>c__DisplayClass2_0.<Initialize>b__0()
   at EPiServer.Framework.Initialization.Internal.ModuleNode.Execute(Action a, String key)
   at EPiServer.Framework.Initialization.Internal.ModuleNode.Initialize(InitializationEngine context)
   at EPiServer.Framework.Initialization.InitializationEngine.InitializeModules()
System.ArgumentNullException: Parameter has no value set
Parameter name: contentLink
   at EPiServer.Core.Internal.DefaultContentLoader.GetChildren[T](ContentReference contentLink, LoaderOptions loaderOptions, Int32 startIndex, Int32 maxRows)
   at EPiServer.Core.Internal.DefaultContentLoader.GetChildren[T](ContentReference contentLink, LoaderOptions loaderOptions)
   at EPiServer.Core.Internal.DefaultContentLoader.GetChildren[T](ContentReference contentLink)
   at AlloyTraining.Business.Initialization.RegisterAdminInitializationModule.Initialize(InitializationEngine context) in C:\Projects\EpiserverTests\EpiserverTesting\AlloyTraining\Business\Initialization\RegisterAdminInitializationModule.cs:line 26
   at EPiServer.Framework.Initialization.Internal.ModuleNode.<>c__DisplayClass2_0.<Initialize>b__0()
   at EPiServer.Framework.Initialization.Internal.ModuleNode.Execute(Action a, String key)
   at EPiServer.Framework.Initialization.Internal.ModuleNode.Initialize(InitializationEngine context)
   at EPiServer.Framework.Initialization.InitializationEngine.InitializeModules()
